0 info it worked if it ends with ok
1 verbose cli [ '/usr/bin/nodejs',
1 verbose cli   '/usr/bin/npm',
1 verbose cli   'install',
1 verbose cli   'grunt-sass',
1 verbose cli   '--no-bin-links' ]
2 info using npm@2.14.4
3 info using node@v4.1.2
4 verbose install initial load of /vagrant/package.json
5 warn package.json foundation-libsass-template@0.0.1 No repository field.
6 warn package.json foundation-libsass-template@0.0.1 No license field.
7 verbose installManyTop reading scoped package data from /vagrant/node_modules/bower/package.json
8 verbose installManyTop reading scoped package data from /vagrant/node_modules/grunt/package.json
9 verbose installManyTop reading scoped package data from /vagrant/node_modules/grunt-concurrent/package.json
10 verbose installManyTop reading scoped package data from /vagrant/node_modules/grunt-contrib-watch/package.json
11 verbose installManyTop reading scoped package data from /vagrant/node_modules/grunt-exec/package.json
12 verbose installManyTop reading scoped package data from /vagrant/node_modules/grunt-sass/package.json
13 verbose installManyTop reading scoped package data from /vagrant/node_modules/grunt-shell/package.json
14 verbose installManyTop reading scoped package data from /vagrant/node_modules/node/package.json
15 verbose installManyTop reading scoped package data from /vagrant/node_modules/node-sass/package.json
16 info package.json grunt-exec@0.4.6 No license field.
17 info package.json node@0.0.0 No description
18 info package.json node@0.0.0 No repository field.
19 info package.json node@0.0.0 No license field.
20 info package.json grunt@0.4.5 No license field.
21 info package.json grunt-contrib-watch@0.6.1 No license field.
22 verbose readDependencies loading dependencies from /vagrant/package.json
23 silly cache add args [ 'grunt-sass', null ]
24 verbose cache add spec grunt-sass
25 silly cache add parsed spec Result {
25 silly cache add   raw: 'grunt-sass',
25 silly cache add   scope: null,
25 silly cache add   name: 'grunt-sass',
25 silly cache add   rawSpec: '',
25 silly cache add   spec: '*',
25 silly cache add   type: 'range' }
26 silly addNamed grunt-sass@*
27 verbose addNamed "*" is a valid semver range for grunt-sass
28 silly addNameRange { name: 'grunt-sass', range: '*', hasData: false }
29 silly mapToRegistry name grunt-sass
30 silly mapToRegistry using default registry
31 silly mapToRegistry registry https://registry.npmjs.org/
32 silly mapToRegistry uri https://registry.npmjs.org/grunt-sass
33 verbose addNameRange registry:https://registry.npmjs.org/grunt-sass not in flight; fetching
34 verbose request uri https://registry.npmjs.org/grunt-sass
35 verbose request no auth needed
36 info attempt registry request try #1 at 21:15:35
37 verbose request id fdec274ff42ff1af
38 verbose etag "9NKXEKKZXGWXCCIEZSWAG7EXM"
39 http request GET https://registry.npmjs.org/grunt-sass
40 http 304 https://registry.npmjs.org/grunt-sass
41 silly get cb [ 304,
41 silly get   { date: 'Wed, 07 Oct 2015 21:15:35 GMT',
41 silly get     via: '1.1 varnish',
41 silly get     'cache-control': 'max-age=60',
41 silly get     etag: '"9NKXEKKZXGWXCCIEZSWAG7EXM"',
41 silly get     age: '48',
41 silly get     connection: 'keep-alive',
41 silly get     'x-served-by': 'cache-iad2149-IAD',
41 silly get     'x-cache': 'HIT',
41 silly get     'x-cache-hits': '1',
41 silly get     'x-timer': 'S1444252535.773292,VS0,VE0',
41 silly get     vary: 'Accept' } ]
42 verbose etag https://registry.npmjs.org/grunt-sass from cache
43 verbose get saving grunt-sass to /home/vagrant/.npm/registry.npmjs.org/grunt-sass/.cache.json
44 silly addNameRange number 2 { name: 'grunt-sass', range: '*', hasData: true }
45 silly addNameRange versions [ 'grunt-sass',
45 silly addNameRange   [ '0.1.0',
45 silly addNameRange     '0.2.1',
45 silly addNameRange     '0.2.2',
45 silly addNameRange     '0.2.3',
45 silly addNameRange     '0.2.4',
45 silly addNameRange     '0.2.5',
45 silly addNameRange     '0.3.0',
45 silly addNameRange     '0.4.0',
45 silly addNameRange     '0.4.1',
45 silly addNameRange     '0.5.0',
45 silly addNameRange     '0.6.0',
45 silly addNameRange     '0.6.1',
45 silly addNameRange     '0.7.0',
45 silly addNameRange     '0.8.0',
45 silly addNameRange     '0.8.1',
45 silly addNameRange     '0.9.0',
45 silly addNameRange     '0.10.0',
45 silly addNameRange     '0.11.0',
45 silly addNameRange     '0.12.0',
45 silly addNameRange     '0.12.1',
45 silly addNameRange     '0.13.0',
45 silly addNameRange     '0.13.1',
45 silly addNameRange     '0.14.0',
45 silly addNameRange     '0.14.1',
45 silly addNameRange     '0.14.2',
45 silly addNameRange     '0.15.0',
45 silly addNameRange     '0.16.0',
45 silly addNameRange     '0.16.1',
45 silly addNameRange     '0.17.0',
45 silly addNameRange     '0.18.0',
45 silly addNameRange     '0.18.1',
45 silly addNameRange     '1.0.0',
45 silly addNameRange     '1.1.0-beta' ] ]
46 silly addNamed grunt-sass@1.0.0
47 verbose addNamed "1.0.0" is a plain semver version for grunt-sass
48 silly cache afterAdd grunt-sass@1.0.0
49 verbose afterAdd /home/vagrant/.npm/grunt-sass/1.0.0/package/package.json not in flight; writing
50 verbose afterAdd /home/vagrant/.npm/grunt-sass/1.0.0/package/package.json written
51 silly install resolved [ { name: 'grunt-sass',
51 silly install resolved     version: '1.0.0',
51 silly install resolved     description: 'Compile Sass to CSS using node-sass',
51 silly install resolved     license: 'MIT',
51 silly install resolved     repository:
51 silly install resolved      { type: 'git',
51 silly install resolved        url: 'git+https://github.com/sindresorhus/grunt-sass.git' },
51 silly install resolved     author:
51 silly install resolved      { name: 'Sindre Sorhus',
51 silly install resolved        email: 'sindresorhus@gmail.com',
51 silly install resolved        url: 'http://sindresorhus.com' },
51 silly install resolved     engines: { node: '>=0.10.0' },
51 silly install resolved     scripts: { test: 'grunt' },
51 silly install resolved     files: [ 'tasks' ],
51 silly install resolved     keywords:
51 silly install resolved      [ 'gruntplugin',
51 silly install resolved        'css',
51 silly install resolved        'sass',
51 silly install resolved        'scss',
51 silly install resolved        'style',
51 silly install resolved        'compile',
51 silly install resolved        'preprocess',
51 silly install resolved        'compile',
51 silly install resolved        'libsass' ],
51 silly install resolved     dependencies:
51 silly install resolved      { 'each-async': '^1.0.0',
51 silly install resolved        'node-sass': '^3.0.0',
51 silly install resolved        'object-assign': '^2.0.0' },
51 silly install resolved     devDependencies:
51 silly install resolved      { grunt: '^0.4.5',
51 silly install resolved        'grunt-cli': '^0.1.13',
51 silly install resolved        'grunt-contrib-clean': '^0.6.0',
51 silly install resolved        'grunt-contrib-nodeunit': '^0.4.1' },
51 silly install resolved     gitHead: 'b82898cc426e6ab3688d9d43b4a3298f69fbf085',
51 silly install resolved     bugs: { url: 'https://github.com/sindresorhus/grunt-sass/issues' },
51 silly install resolved     homepage: 'https://github.com/sindresorhus/grunt-sass',
51 silly install resolved     _id: 'grunt-sass@1.0.0',
51 silly install resolved     _shasum: '84602a9ab0fcb0fe340737612a4ba56cc361bbc4',
51 silly install resolved     _from: 'grunt-sass@*',
51 silly install resolved     _npmVersion: '2.7.4',
51 silly install resolved     _nodeVersion: '0.12.2',
51 silly install resolved     _npmUser: { name: 'sindresorhus', email: 'sindresorhus@gmail.com' },
51 silly install resolved     dist:
51 silly install resolved      { shasum: '84602a9ab0fcb0fe340737612a4ba56cc361bbc4',
51 silly install resolved        tarball: 'http://registry.npmjs.org/grunt-sass/-/grunt-sass-1.0.0.tgz' },
51 silly install resolved     maintainers: [ [Object], [Object] ],
51 silly install resolved     directories: {},
51 silly install resolved     _resolved: 'https://registry.npmjs.org/grunt-sass/-/grunt-sass-1.0.0.tgz',
51 silly install resolved     readme: 'ERROR: No README data found!' } ]
52 info install grunt-sass@1.0.0 into /vagrant
53 info installOne grunt-sass@1.0.0
54 verbose installOne of grunt-sass to /vagrant not in flight; installing
55 verbose lock using /home/vagrant/.npm/_locks/grunt-sass-5ad87beed3363fde.lock for /vagrant/node_modules/grunt-sass
56 silly install write writing grunt-sass 1.0.0 to /vagrant/node_modules/grunt-sass
57 verbose unbuild node_modules/grunt-sass
58 silly gentlyRm /vagrant/node_modules/grunt-sass is being purged from base /vagrant
59 verbose gentlyRm don't care about contents; nuking /vagrant/node_modules/grunt-sass
60 silly vacuum-fs purging /vagrant/node_modules/grunt-sass
61 verbose unlock done using /home/vagrant/.npm/_locks/grunt-sass-5ad87beed3363fde.lock for /vagrant/node_modules/grunt-sass
62 verbose stack Error: EPERM: operation not permitted, unlink '/vagrant/node_modules/grunt-sass/node_modules/.bin/node-sass'
62 verbose stack     at Error (native)
63 verbose cwd /vagrant
64 error Linux 3.13.0-62-generic
65 error argv "/usr/bin/nodejs" "/usr/bin/npm" "install" "grunt-sass" "--no-bin-links"
66 error node v4.1.2
67 error npm  v2.14.4
68 error path /vagrant/node_modules/grunt-sass/node_modules/.bin/node-sass
69 error code EPERM
70 error errno -1
71 error syscall unlink
72 error Error: EPERM: operation not permitted, unlink '/vagrant/node_modules/grunt-sass/node_modules/.bin/node-sass'
72 error     at Error (native)
72 error  { [Error: EPERM: operation not permitted, unlink '/vagrant/node_modules/grunt-sass/node_modules/.bin/node-sass']
72 error   errno: -1,
72 error   code: 'EPERM',
72 error   syscall: 'unlink',
72 error   path: '/vagrant/node_modules/grunt-sass/node_modules/.bin/node-sass' }
73 error Please try running this command again as root/Administrator.
74 verbose exit [ -1, true ]
75 verbose unbuild node_modules/grunt-sass
76 silly gentlyRm /vagrant/node_modules/grunt-sass is being purged from base /vagrant
77 verbose gentlyRm don't care about contents; nuking /vagrant/node_modules/grunt-sass
78 silly vacuum-fs purging /vagrant/node_modules/grunt-sass
79 error error rolling back Error: EPERM: operation not permitted, unlink '/vagrant/node_modules/grunt-sass/node_modules/.bin/node-sass'
79 error error rolling back     at Error (native)
79 error error rolling back  { [Error: EPERM: operation not permitted, unlink '/vagrant/node_modules/grunt-sass/node_modules/.bin/node-sass']
79 error error rolling back   errno: -1,
79 error error rolling back   code: 'EPERM',
79 error error rolling back   syscall: 'unlink',
79 error error rolling back   path: '/vagrant/node_modules/grunt-sass/node_modules/.bin/node-sass' }
